<?xml version="1.0" encoding="UTF-8"?>
<testsuite xmlns:xsi="http://www.w3.org/2001/XMLSchema-instance" xsi:noNamespaceSchemaLocation="https://maven.apache.org/surefire/maven-surefire-plugin/xsd/surefire-test-report-3.0.xsd" version="3.0" name="tests.TestRunner" time="87.01" tests="1" errors="0" skipped="0" failures="0">
  <properties>
    <property name="gopherProxySet" value="false"/>
    <property name="awt.toolkit" value="sun.lwawt.macosx.LWCToolkit"/>
    <property name="java.specification.version" value="11"/>
    <property name="sun.cpu.isalist" value=""/>
    <property name="sun.jnu.encoding" value="UTF-8"/>
    <property name="java.class.path" value="/Users/macbook-m1/AquaProjects/Autoc0de-Mobile/target/test-classes:/Users/macbook-m1/AquaProjects/Autoc0de-Mobile/target/classes:/Users/macbook-m1/.m2/repository/org/seleniumhq/selenium/selenium-java/3.141.59/selenium-java-3.141.59.jar:/Users/macbook-m1/.m2/repository/org/seleniumhq/selenium/selenium-api/3.141.59/selenium-api-3.141.59.jar:/Users/macbook-m1/.m2/repository/org/seleniumhq/selenium/selenium-chrome-driver/3.141.59/selenium-chrome-driver-3.141.59.jar:/Users/macbook-m1/.m2/repository/org/seleniumhq/selenium/selenium-edge-driver/3.141.59/selenium-edge-driver-3.141.59.jar:/Users/macbook-m1/.m2/repository/org/seleniumhq/selenium/selenium-firefox-driver/3.141.59/selenium-firefox-driver-3.141.59.jar:/Users/macbook-m1/.m2/repository/org/seleniumhq/selenium/selenium-ie-driver/3.141.59/selenium-ie-driver-3.141.59.jar:/Users/macbook-m1/.m2/repository/org/seleniumhq/selenium/selenium-opera-driver/3.141.59/selenium-opera-driver-3.141.59.jar:/Users/macbook-m1/.m2/repository/org/seleniumhq/selenium/selenium-remote-driver/3.141.59/selenium-remote-driver-3.141.59.jar:/Users/macbook-m1/.m2/repository/org/seleniumhq/selenium/selenium-safari-driver/3.141.59/selenium-safari-driver-3.141.59.jar:/Users/macbook-m1/.m2/repository/org/seleniumhq/selenium/selenium-support/3.141.59/selenium-support-3.141.59.jar:/Users/macbook-m1/.m2/repository/net/bytebuddy/byte-buddy/1.8.15/byte-buddy-1.8.15.jar:/Users/macbook-m1/.m2/repository/org/apache/commons/commons-exec/1.3/commons-exec-1.3.jar:/Users/macbook-m1/.m2/repository/com/google/guava/guava/25.0-jre/guava-25.0-jre.jar:/Users/macbook-m1/.m2/repository/org/checkerframework/checker-compat-qual/2.0.0/checker-compat-qual-2.0.0.jar:/Users/macbook-m1/.m2/repository/com/google/errorprone/error_prone_annotations/2.1.3/error_prone_annotations-2.1.3.jar:/Users/macbook-m1/.m2/repository/com/google/j2objc/j2objc-annotations/1.1/j2objc-annotations-1.1.jar:/Users/macbook-m1/.m2/repository/org/codehaus/mojo/animal-sniffer-annotations/1.14/animal-sniffer-annotations-1.14.jar:/Users/macbook-m1/.m2/repository/com/squareup/okhttp3/okhttp/3.11.0/okhttp-3.11.0.jar:/Users/macbook-m1/.m2/repository/com/squareup/okio/okio/1.14.0/okio-1.14.0.jar:/Users/macbook-m1/.m2/repository/org/testng/testng/7.6.1/testng-7.6.1.jar:/Users/macbook-m1/.m2/repository/com/google/code/findbugs/jsr305/3.0.2/jsr305-3.0.2.jar:/Users/macbook-m1/.m2/repository/org/slf4j/slf4j-api/1.7.36/slf4j-api-1.7.36.jar:/Users/macbook-m1/.m2/repository/com/beust/jcommander/1.82/jcommander-1.82.jar:/Users/macbook-m1/.m2/repository/org/webjars/jquery/3.6.0/jquery-3.6.0.jar:/Users/macbook-m1/.m2/repository/io/cucumber/cucumber-java/7.8.1/cucumber-java-7.8.1.jar:/Users/macbook-m1/.m2/repository/org/apiguardian/apiguardian-api/1.1.2/apiguardian-api-1.1.2.jar:/Users/macbook-m1/.m2/repository/io/cucumber/cucumber-testng/7.8.1/cucumber-testng-7.8.1.jar:/Users/macbook-m1/.m2/repository/io/cucumber/cucumber-core/7.8.1/cucumber-core-7.8.1.jar:/Users/macbook-m1/.m2/repository/io/cucumber/cucumber-gherkin/7.8.1/cucumber-gherkin-7.8.1.jar:/Users/macbook-m1/.m2/repository/io/cucumber/cucumber-gherkin-messages/7.8.1/cucumber-gherkin-messages-7.8.1.jar:/Users/macbook-m1/.m2/repository/io/cucumber/gherkin/24.0.0/gherkin-24.0.0.jar:/Users/macbook-m1/.m2/repository/io/cucumber/messages/19.1.4/messages-19.1.4.jar:/Users/macbook-m1/.m2/repository/io/cucumber/tag-expressions/4.1.0/tag-expressions-4.1.0.jar:/Users/macbook-m1/.m2/repository/io/cucumber/cucumber-expressions/16.0.0/cucumber-expressions-16.0.0.jar:/Users/macbook-m1/.m2/repository/io/cucumber/datatable/7.8.1/datatable-7.8.1.jar:/Users/macbook-m1/.m2/repository/io/cucumber/cucumber-plugin/7.8.1/cucumber-plugin-7.8.1.jar:/Users/macbook-m1/.m2/repository/io/cucumber/docstring/7.8.1/docstring-7.8.1.jar:/Users/macbook-m1/.m2/repository/io/cucumber/html-formatter/20.1.0/html-formatter-20.1.0.jar:/Users/macbook-m1/.m2/repository/io/cucumber/ci-environment/9.1.0/ci-environment-9.1.0.jar:/Users/macbook-m1/.m2/repository/io/appium/java-client/7.6.0/java-client-7.6.0.jar:/Users/macbook-m1/.m2/repository/com/google/code/gson/gson/2.8.8/gson-2.8.8.jar:/Users/macbook-m1/.m2/repository/org/apache/httpcomponents/httpclient/4.5.13/httpclient-4.5.13.jar:/Users/macbook-m1/.m2/repository/org/apache/httpcomponents/httpcore/4.4.13/httpcore-4.4.13.jar:/Users/macbook-m1/.m2/repository/commons-logging/commons-logging/1.2/commons-logging-1.2.jar:/Users/macbook-m1/.m2/repository/commons-codec/commons-codec/1.11/commons-codec-1.11.jar:/Users/macbook-m1/.m2/repository/cglib/cglib/3.3.0/cglib-3.3.0.jar:/Users/macbook-m1/.m2/repository/org/ow2/asm/asm/7.1/asm-7.1.jar:/Users/macbook-m1/.m2/repository/commons-validator/commons-validator/1.7/commons-validator-1.7.jar:/Users/macbook-m1/.m2/repository/commons-beanutils/commons-beanutils/1.9.4/commons-beanutils-1.9.4.jar:/Users/macbook-m1/.m2/repository/commons-digester/commons-digester/2.1/commons-digester-2.1.jar:/Users/macbook-m1/.m2/repository/commons-collections/commons-collections/3.2.2/commons-collections-3.2.2.jar:/Users/macbook-m1/.m2/repository/org/apache/commons/commons-lang3/3.12.0/commons-lang3-3.12.0.jar:/Users/macbook-m1/.m2/repository/commons-io/commons-io/2.11.0/commons-io-2.11.0.jar:/Users/macbook-m1/.m2/repository/org/springframework/spring-context/5.3.10/spring-context-5.3.10.jar:/Users/macbook-m1/.m2/repository/org/springframework/spring-aop/5.3.10/spring-aop-5.3.10.jar:/Users/macbook-m1/.m2/repository/org/springframework/spring-beans/5.3.10/spring-beans-5.3.10.jar:/Users/macbook-m1/.m2/repository/org/springframework/spring-core/5.3.10/spring-core-5.3.10.jar:/Users/macbook-m1/.m2/repository/org/springframework/spring-jcl/5.3.10/spring-jcl-5.3.10.jar:/Users/macbook-m1/.m2/repository/org/springframework/spring-expression/5.3.10/spring-expression-5.3.10.jar:/Users/macbook-m1/.m2/repository/org/aspectj/aspectjweaver/1.9.7/aspectjweaver-1.9.7.jar:/Users/macbook-m1/.m2/repository/tech/grasshopper/extentreports-cucumber7-adapter/1.9.1/extentreports-cucumber7-adapter-1.9.1.jar:/Users/macbook-m1/.m2/repository/tech/grasshopper/extent-pdf-report/2.9.1/extent-pdf-report-2.9.1.jar:/Users/macbook-m1/.m2/repository/tech/grasshopper/cucumber-pdf-report/2.11.1/cucumber-pdf-report-2.11.1.jar:/Users/macbook-m1/.m2/repository/org/apache/pdfbox/pdfbox/2.0.26/pdfbox-2.0.26.jar:/Users/macbook-m1/.m2/repository/org/apache/pdfbox/fontbox/2.0.26/fontbox-2.0.26.jar:/Users/macbook-m1/.m2/repository/org/knowm/xchart/xchart/3.8.0/xchart-3.8.0.jar:/Users/macbook-m1/.m2/repository/de/erichseifert/vectorgraphics2d/VectorGraphics2D/0.13/VectorGraphics2D-0.13.jar:/Users/macbook-m1/.m2/repository/de/rototor/pdfbox/graphics2d/0.30/graphics2d-0.30.jar:/Users/macbook-m1/.m2/repository/com/madgag/animated-gif-lib/1.4/animated-gif-lib-1.4.jar:/Users/macbook-m1/.m2/repository/org/yaml/snakeyaml/1.28/snakeyaml-1.28.jar:/Users/macbook-m1/.m2/repository/tech/grasshopper/table-layout/1.5.1/table-layout-1.5.1.jar:/Users/macbook-m1/.m2/repository/tech/grasshopper/rest-assured-cucumber-pdf-report/1.4.1/rest-assured-cucumber-pdf-report-1.4.1.jar:/Users/macbook-m1/.m2/repository/org/jsoup/jsoup/1.15.3/jsoup-1.15.3.jar:/Users/macbook-m1/.m2/repository/com/aventstack/klov-reporter/5.0.9/klov-reporter-5.0.9.jar:/Users/macbook-m1/.m2/repository/org/mongodb/mongodb-driver/3.6.4/mongodb-driver-3.6.4.jar:/Users/macbook-m1/.m2/repository/org/mongodb/mongodb-driver-core/3.6.4/mongodb-driver-core-3.6.4.jar:/Users/macbook-m1/.m2/repository/org/mongodb/bson/3.6.4/bson-3.6.4.jar:/Users/macbook-m1/.m2/repository/org/apache/httpcomponents/httpmime/4.5.13/httpmime-4.5.13.jar:/Users/macbook-m1/.m2/repository/tech/grasshopper/htmlextentreporter/1.0.1/htmlextentreporter-1.0.1.jar:/Users/macbook-m1/.m2/repository/com/aventstack/extentreports/5.0.6/extentreports-5.0.6.jar:/Users/macbook-m1/.m2/repository/io/reactivex/rxjava3/rxjava/3.0.4/rxjava-3.0.4.jar:/Users/macbook-m1/.m2/repository/org/reactivestreams/reactive-streams/1.0.3/reactive-streams-1.0.3.jar:/Users/macbook-m1/.m2/repository/org/freemarker/freemarker/2.3.30/freemarker-2.3.30.jar:/Users/macbook-m1/.m2/repository/org/projectlombok/lombok/1.18.24/lombok-1.18.24.jar:"/>
    <property name="java.vm.vendor" value="Eclipse Adoptium"/>
    <property name="sun.arch.data.model" value="64"/>
    <property name="java.vendor.url" value="https://adoptium.net/"/>
    <property name="user.timezone" value="America/Argentina/Mendoza"/>
    <property name="java.vm.specification.version" value="11"/>
    <property name="os.name" value="Mac OS X"/>
    <property name="sun.java.launcher" value="SUN_STANDARD"/>
    <property name="user.country" value="419"/>
    <property name="sun.boot.library.path" value="/Library/Java/JavaVirtualMachines/temurin-11.jdk/Contents/Home/lib"/>
    <property name="sun.java.command" value="/Users/macbook-m1/AquaProjects/Autoc0de-Mobile/target/surefire/surefirebooter16801681998934767675.jar /Users/macbook-m1/AquaProjects/Autoc0de-Mobile/target/surefire 2023-01-16T13-03-52_638-jvmRun1 surefire13589416614138095364tmp surefire_016524052800318442769tmp"/>
    <property name="http.nonProxyHosts" value="local|*.local|169.254/16|*.169.254/16"/>
    <property name="jdk.debug" value="release"/>
    <property name="surefire.test.class.path" value="/Users/macbook-m1/AquaProjects/Autoc0de-Mobile/target/test-classes:/Users/macbook-m1/AquaProjects/Autoc0de-Mobile/target/classes:/Users/macbook-m1/.m2/repository/org/seleniumhq/selenium/selenium-java/3.141.59/selenium-java-3.141.59.jar:/Users/macbook-m1/.m2/repository/org/seleniumhq/selenium/selenium-api/3.141.59/selenium-api-3.141.59.jar:/Users/macbook-m1/.m2/repository/org/seleniumhq/selenium/selenium-chrome-driver/3.141.59/selenium-chrome-driver-3.141.59.jar:/Users/macbook-m1/.m2/repository/org/seleniumhq/selenium/selenium-edge-driver/3.141.59/selenium-edge-driver-3.141.59.jar:/Users/macbook-m1/.m2/repository/org/seleniumhq/selenium/selenium-firefox-driver/3.141.59/selenium-firefox-driver-3.141.59.jar:/Users/macbook-m1/.m2/repository/org/seleniumhq/selenium/selenium-ie-driver/3.141.59/selenium-ie-driver-3.141.59.jar:/Users/macbook-m1/.m2/repository/org/seleniumhq/selenium/selenium-opera-driver/3.141.59/selenium-opera-driver-3.141.59.jar:/Users/macbook-m1/.m2/repository/org/seleniumhq/selenium/selenium-remote-driver/3.141.59/selenium-remote-driver-3.141.59.jar:/Users/macbook-m1/.m2/repository/org/seleniumhq/selenium/selenium-safari-driver/3.141.59/selenium-safari-driver-3.141.59.jar:/Users/macbook-m1/.m2/repository/org/seleniumhq/selenium/selenium-support/3.141.59/selenium-support-3.141.59.jar:/Users/macbook-m1/.m2/repository/net/bytebuddy/byte-buddy/1.8.15/byte-buddy-1.8.15.jar:/Users/macbook-m1/.m2/repository/org/apache/commons/commons-exec/1.3/commons-exec-1.3.jar:/Users/macbook-m1/.m2/repository/com/google/guava/guava/25.0-jre/guava-25.0-jre.jar:/Users/macbook-m1/.m2/repository/org/checkerframework/checker-compat-qual/2.0.0/checker-compat-qual-2.0.0.jar:/Users/macbook-m1/.m2/repository/com/google/errorprone/error_prone_annotations/2.1.3/error_prone_annotations-2.1.3.jar:/Users/macbook-m1/.m2/repository/com/google/j2objc/j2objc-annotations/1.1/j2objc-annotations-1.1.jar:/Users/macbook-m1/.m2/repository/org/codehaus/mojo/animal-sniffer-annotations/1.14/animal-sniffer-annotations-1.14.jar:/Users/macbook-m1/.m2/repository/com/squareup/okhttp3/okhttp/3.11.0/okhttp-3.11.0.jar:/Users/macbook-m1/.m2/repository/com/squareup/okio/okio/1.14.0/okio-1.14.0.jar:/Users/macbook-m1/.m2/repository/org/testng/testng/7.6.1/testng-7.6.1.jar:/Users/macbook-m1/.m2/repository/com/google/code/findbugs/jsr305/3.0.2/jsr305-3.0.2.jar:/Users/macbook-m1/.m2/repository/org/slf4j/slf4j-api/1.7.36/slf4j-api-1.7.36.jar:/Users/macbook-m1/.m2/repository/com/beust/jcommander/1.82/jcommander-1.82.jar:/Users/macbook-m1/.m2/repository/org/webjars/jquery/3.6.0/jquery-3.6.0.jar:/Users/macbook-m1/.m2/repository/io/cucumber/cucumber-java/7.8.1/cucumber-java-7.8.1.jar:/Users/macbook-m1/.m2/repository/org/apiguardian/apiguardian-api/1.1.2/apiguardian-api-1.1.2.jar:/Users/macbook-m1/.m2/repository/io/cucumber/cucumber-testng/7.8.1/cucumber-testng-7.8.1.jar:/Users/macbook-m1/.m2/repository/io/cucumber/cucumber-core/7.8.1/cucumber-core-7.8.1.jar:/Users/macbook-m1/.m2/repository/io/cucumber/cucumber-gherkin/7.8.1/cucumber-gherkin-7.8.1.jar:/Users/macbook-m1/.m2/repository/io/cucumber/cucumber-gherkin-messages/7.8.1/cucumber-gherkin-messages-7.8.1.jar:/Users/macbook-m1/.m2/repository/io/cucumber/gherkin/24.0.0/gherkin-24.0.0.jar:/Users/macbook-m1/.m2/repository/io/cucumber/messages/19.1.4/messages-19.1.4.jar:/Users/macbook-m1/.m2/repository/io/cucumber/tag-expressions/4.1.0/tag-expressions-4.1.0.jar:/Users/macbook-m1/.m2/repository/io/cucumber/cucumber-expressions/16.0.0/cucumber-expressions-16.0.0.jar:/Users/macbook-m1/.m2/repository/io/cucumber/datatable/7.8.1/datatable-7.8.1.jar:/Users/macbook-m1/.m2/repository/io/cucumber/cucumber-plugin/7.8.1/cucumber-plugin-7.8.1.jar:/Users/macbook-m1/.m2/repository/io/cucumber/docstring/7.8.1/docstring-7.8.1.jar:/Users/macbook-m1/.m2/repository/io/cucumber/html-formatter/20.1.0/html-formatter-20.1.0.jar:/Users/macbook-m1/.m2/repository/io/cucumber/ci-environment/9.1.0/ci-environment-9.1.0.jar:/Users/macbook-m1/.m2/repository/io/appium/java-client/7.6.0/java-client-7.6.0.jar:/Users/macbook-m1/.m2/repository/com/google/code/gson/gson/2.8.8/gson-2.8.8.jar:/Users/macbook-m1/.m2/repository/org/apache/httpcomponents/httpclient/4.5.13/httpclient-4.5.13.jar:/Users/macbook-m1/.m2/repository/org/apache/httpcomponents/httpcore/4.4.13/httpcore-4.4.13.jar:/Users/macbook-m1/.m2/repository/commons-logging/commons-logging/1.2/commons-logging-1.2.jar:/Users/macbook-m1/.m2/repository/commons-codec/commons-codec/1.11/commons-codec-1.11.jar:/Users/macbook-m1/.m2/repository/cglib/cglib/3.3.0/cglib-3.3.0.jar:/Users/macbook-m1/.m2/repository/org/ow2/asm/asm/7.1/asm-7.1.jar:/Users/macbook-m1/.m2/repository/commons-validator/commons-validator/1.7/commons-validator-1.7.jar:/Users/macbook-m1/.m2/repository/commons-beanutils/commons-beanutils/1.9.4/commons-beanutils-1.9.4.jar:/Users/macbook-m1/.m2/repository/commons-digester/commons-digester/2.1/commons-digester-2.1.jar:/Users/macbook-m1/.m2/repository/commons-collections/commons-collections/3.2.2/commons-collections-3.2.2.jar:/Users/macbook-m1/.m2/repository/org/apache/commons/commons-lang3/3.12.0/commons-lang3-3.12.0.jar:/Users/macbook-m1/.m2/repository/commons-io/commons-io/2.11.0/commons-io-2.11.0.jar:/Users/macbook-m1/.m2/repository/org/springframework/spring-context/5.3.10/spring-context-5.3.10.jar:/Users/macbook-m1/.m2/repository/org/springframework/spring-aop/5.3.10/spring-aop-5.3.10.jar:/Users/macbook-m1/.m2/repository/org/springframework/spring-beans/5.3.10/spring-beans-5.3.10.jar:/Users/macbook-m1/.m2/repository/org/springframework/spring-core/5.3.10/spring-core-5.3.10.jar:/Users/macbook-m1/.m2/repository/org/springframework/spring-jcl/5.3.10/spring-jcl-5.3.10.jar:/Users/macbook-m1/.m2/repository/org/springframework/spring-expression/5.3.10/spring-expression-5.3.10.jar:/Users/macbook-m1/.m2/repository/org/aspectj/aspectjweaver/1.9.7/aspectjweaver-1.9.7.jar:/Users/macbook-m1/.m2/repository/tech/grasshopper/extentreports-cucumber7-adapter/1.9.1/extentreports-cucumber7-adapter-1.9.1.jar:/Users/macbook-m1/.m2/repository/tech/grasshopper/extent-pdf-report/2.9.1/extent-pdf-report-2.9.1.jar:/Users/macbook-m1/.m2/repository/tech/grasshopper/cucumber-pdf-report/2.11.1/cucumber-pdf-report-2.11.1.jar:/Users/macbook-m1/.m2/repository/org/apache/pdfbox/pdfbox/2.0.26/pdfbox-2.0.26.jar:/Users/macbook-m1/.m2/repository/org/apache/pdfbox/fontbox/2.0.26/fontbox-2.0.26.jar:/Users/macbook-m1/.m2/repository/org/knowm/xchart/xchart/3.8.0/xchart-3.8.0.jar:/Users/macbook-m1/.m2/repository/de/erichseifert/vectorgraphics2d/VectorGraphics2D/0.13/VectorGraphics2D-0.13.jar:/Users/macbook-m1/.m2/repository/de/rototor/pdfbox/graphics2d/0.30/graphics2d-0.30.jar:/Users/macbook-m1/.m2/repository/com/madgag/animated-gif-lib/1.4/animated-gif-lib-1.4.jar:/Users/macbook-m1/.m2/repository/org/yaml/snakeyaml/1.28/snakeyaml-1.28.jar:/Users/macbook-m1/.m2/repository/tech/grasshopper/table-layout/1.5.1/table-layout-1.5.1.jar:/Users/macbook-m1/.m2/repository/tech/grasshopper/rest-assured-cucumber-pdf-report/1.4.1/rest-assured-cucumber-pdf-report-1.4.1.jar:/Users/macbook-m1/.m2/repository/org/jsoup/jsoup/1.15.3/jsoup-1.15.3.jar:/Users/macbook-m1/.m2/repository/com/aventstack/klov-reporter/5.0.9/klov-reporter-5.0.9.jar:/Users/macbook-m1/.m2/repository/org/mongodb/mongodb-driver/3.6.4/mongodb-driver-3.6.4.jar:/Users/macbook-m1/.m2/repository/org/mongodb/mongodb-driver-core/3.6.4/mongodb-driver-core-3.6.4.jar:/Users/macbook-m1/.m2/repository/org/mongodb/bson/3.6.4/bson-3.6.4.jar:/Users/macbook-m1/.m2/repository/org/apache/httpcomponents/httpmime/4.5.13/httpmime-4.5.13.jar:/Users/macbook-m1/.m2/repository/tech/grasshopper/htmlextentreporter/1.0.1/htmlextentreporter-1.0.1.jar:/Users/macbook-m1/.m2/repository/com/aventstack/extentreports/5.0.6/extentreports-5.0.6.jar:/Users/macbook-m1/.m2/repository/io/reactivex/rxjava3/rxjava/3.0.4/rxjava-3.0.4.jar:/Users/macbook-m1/.m2/repository/org/reactivestreams/reactive-streams/1.0.3/reactive-streams-1.0.3.jar:/Users/macbook-m1/.m2/repository/org/freemarker/freemarker/2.3.30/freemarker-2.3.30.jar:/Users/macbook-m1/.m2/repository/org/projectlombok/lombok/1.18.24/lombok-1.18.24.jar:"/>
    <property name="sun.cpu.endian" value="little"/>
    <property name="user.home" value="/Users/macbook-m1"/>
    <property name="user.language" value="es"/>
    <property name="java.specification.vendor" value="Oracle Corporation"/>
    <property name="java.version.date" value="2022-10-18"/>
    <property name="java.home" value="/Library/Java/JavaVirtualMachines/temurin-11.jdk/Contents/Home"/>
    <property name="file.separator" value="/"/>
    <property name="basedir" value="/Users/macbook-m1/AquaProjects/Autoc0de-Mobile"/>
    <property name="java.vm.compressedOopsMode" value="Zero based"/>
    <property name="line.separator" value="&#10;"/>
    <property name="java.specification.name" value="Java Platform API Specification"/>
    <property name="java.vm.specification.vendor" value="Oracle Corporation"/>
    <property name="java.awt.graphicsenv" value="sun.awt.CGraphicsEnvironment"/>
    <property name="surefire.real.class.path" value="/Users/macbook-m1/AquaProjects/Autoc0de-Mobile/target/surefire/surefirebooter16801681998934767675.jar"/>
    <property name="sun.management.compiler" value="HotSpot 64-Bit Tiered Compilers"/>
    <property name="ftp.nonProxyHosts" value="local|*.local|169.254/16|*.169.254/16"/>
    <property name="java.runtime.version" value="11.0.17+8"/>
    <property name="user.name" value="macbook-m1"/>
    <property name="path.separator" value=":"/>
    <property name="os.version" value="12.5"/>
    <property name="java.runtime.name" value="OpenJDK Runtime Environment"/>
    <property name="file.encoding" value="US-ASCII"/>
    <property name="java.vm.name" value="OpenJDK 64-Bit Server VM"/>
    <property name="java.vendor.version" value="Temurin-11.0.17+8"/>
    <property name="localRepository" value="/Users/macbook-m1/.m2/repository"/>
    <property name="java.vendor.url.bug" value="https://github.com/adoptium/adoptium-support/issues"/>
    <property name="java.io.tmpdir" value="/var/folders/45/tm9vp0h94zn2q9twx82hwc080000gn/T/"/>
    <property name="idea.version" value="2022.3"/>
    <property name="java.version" value="11.0.17"/>
    <property name="user.dir" value="/Users/macbook-m1/AquaProjects/Autoc0de-Mobile"/>
    <property name="os.arch" value="x86_64"/>
    <property name="java.vm.specification.name" value="Java Virtual Machine Specification"/>
    <property name="java.awt.printerjob" value="sun.lwawt.macosx.CPrinterJob"/>
    <property name="sun.os.patch.level" value="unknown"/>
    <property name="java.library.path" value="/Users/macbook-m1/Library/Java/Extensions:/Library/Java/Extensions:/Network/Library/Java/Extensions:/System/Library/Java/Extensions:/usr/lib/java:."/>
    <property name="java.vm.info" value="mixed mode"/>
    <property name="java.vendor" value="Eclipse Adoptium"/>
    <property name="java.vm.version" value="11.0.17+8"/>
    <property name="sun.io.unicode.encoding" value="UnicodeBig"/>
    <property name="java.class.version" value="55.0"/>
    <property name="socksNonProxyHosts" value="local|*.local|169.254/16|*.169.254/16"/>
  </properties>
  <testcase name="runScenario[&quot;Reserve a hotel room in Cusco&quot;, &quot;Reserve accommodation in Cusco&quot;](1)" classname="tests.TestRunner" time="78.731">
    <system-out><![CDATA[
@ExampleTag
Scenario: Reserve a hotel room in Cusco                                                          &amp#27;[90m# src/test/resources/features/Reserve.feature:6&amp#27;[0m
  &amp#27;[32mGiven &amp#27;[0m&amp#27;[32mI am on the booking website homepage&amp#27;[0m                                                     &amp#27;[90m# com.autoc0de.steps.Booking.iAmOnTheBookingWebsiteHomepage()&amp#27;[0m
  &amp#27;[32mWhen &amp#27;[0m&amp#27;[32mI search for available hotels in &amp#27;[0m&amp#27;[32m&amp#27;[1m"Cusco"&amp#27;[0m                                                  &amp#27;[90m# com.autoc0de.steps.Booking.iSearchForAvailableHotelsIn(java.lang.String)&amp#27;[0m
  &amp#27;[32mAnd &amp#27;[0m&amp#27;[32mI select the check-in date &amp#27;[0m&amp#27;[32m&amp#27;[1m"14 February 2023"&amp#27;[0m&amp#27;[32m and check-out date &amp#27;[0m&amp#27;[32m&amp#27;[1m"28 February 2023"&amp#27;[0m        &amp#27;[90m# com.autoc0de.steps.Booking.iSelectTheCheckInDateAndCheckOutDate(java.lang.String,java.lang.String)&amp#27;[0m
  &amp#27;[32mAnd &amp#27;[0m&amp#27;[32mI select &amp#27;[0m&amp#27;[32m&amp#27;[1m1&amp#27;[0m&amp#27;[32m room, &amp#27;[0m&amp#27;[32m&amp#27;[1m2&amp#27;[0m&amp#27;[32m adults and &amp#27;[0m&amp#27;[32m&amp#27;[1m1&amp#27;[0m&amp#27;[32m child of &amp#27;[0m&amp#27;[32m&amp#27;[1m5&amp#27;[0m&amp#27;[32m years old&amp#27;[0m                                       &amp#27;[90m# com.autoc0de.steps.Booking.iSelectRoomAdultsAndChildOfYearsOld(int,int,int,int)&amp#27;[0m

  &amp#27;[32mAnd &amp#27;[0m&amp#27;[32mI choose the &amp#27;[0m&amp#27;[32m&amp#27;[1m1&amp#27;[0m&amp#27;[32mnd hotel from the search results&amp#27;[0m                                             &amp#27;[90m# com.autoc0de.steps.Booking.iChooseTheNdHotelFromTheSearchResults(int)&amp#27;[0m
  &amp#27;[32mAnd &amp#27;[0m&amp#27;[32mI select the &amp#27;[0m&amp#27;[32m&amp#27;[1m1&amp#27;[0m&amp#27;[32m option of room type&amp#27;[0m                                                         &amp#27;[90m# com.autoc0de.steps.Booking.iSelectTheFirstOptionOfRoomType(int)&amp#27;[0m
  &amp#27;[32mAnd &amp#27;[0m&amp#27;[32mI enter my personal info &amp#27;[0m&amp#27;[32m&amp#27;[1m"Juan"&amp#27;[0m&amp#27;[32m, &amp#27;[0m&amp#27;[32m&amp#27;[1m"Munoz"&amp#27;[0m&amp#27;[32m, &amp#27;[0m&amp#27;[32m&amp#27;[1m"nhxu_tpeou65@pihey.com"&amp#27;[0m&amp#27;[32m,&amp#27;[0m&amp#27;[32m&amp#27;[1m"Argentina"&amp#27;[0m&amp#27;[32m,&amp#27;[0m&amp#27;[32m&amp#27;[1m"261654321"&amp#27;[0m &amp#27;[90m# com.autoc0de.steps.Booking.iEnterMyPersonalInfo(java.lang.String,java.lang.String,java.lang.String,java.lang.String,java.lang.String)&amp#27;[0m
  &amp#27;[32mAnd &amp#27;[0m&amp#27;[32mI enter my card info &amp#27;[0m&amp#27;[32m&amp#27;[1m"5165850000000008"&amp#27;[0m&amp#27;[32m, &amp#27;[0m&amp#27;[32m&amp#27;[1m"12/29"&amp#27;[0m&amp#27;[32m, &amp#27;[0m&amp#27;[32m&amp#27;[1m"123"&amp#27;[0m&amp#27;[32m and confirm the reservation&amp#27;[0m        &amp#27;[90m# com.autoc0de.steps.Booking.iEnterCardExpCVCAndConfirmTheReservation(java.lang.String,java.lang.String,java.lang.String)&amp#27;[0m
  &amp#27;[32mThen &amp#27;[0m&amp#27;[32mI should see a confirmation page with the details of my reservation&amp#27;[0m                       &amp#27;[90m# com.autoc0de.steps.Booking.iShouldSeeAConfirmationPageWithTheDetailsOfMyReservation()&amp#27;[0m
]]></system-out>
    <system-err><![CDATA[SLF4J: Failed to load class "org.slf4j.impl.StaticLoggerBinder".
SLF4J: Defaulting to no-operation (NOP) logger implementation
SLF4J: See http://www.slf4j.org/codes.html#StaticLoggerBinder for further details.
ene. 16, 2023 1:04:04 P.M. io.appium.java_client.remote.AppiumCommandExecutor$1 lambda$0
INFORMACI?N: Detected dialect: W3C
]]></system-err>
  </testcase>
</testsuite>