<?xml version="1.0" encoding="UTF-8"?>
<!-- Generated by org.testng.reporters.JUnitReportReporter -->
<testsuite hostname="MacBook-Pro-de-macbook-m1.local" failures="0" tests="1" name="tests.TestRunner" time="78.560" errors="0" timestamp="2023-01-16T13:05:21 ART" skipped="0">
  <testcase classname="tests.TestRunner" name="runScenario" time="78.560"/>
  <system-out/>
</testsuite> <!-- tests.TestRunner -->
