<?xml version="1.0" encoding="UTF-8"?>
<!-- Generated by org.testng.reporters.JUnitReportReporter -->
<testsuite hostname="MacBook-Pro-de-macbook-m1.local" failures="0" tests="2" name="tests.TestRunner" time="133.664" errors="0" timestamp="2023-01-17T16:48:29 ART" skipped="0">
  <testcase classname="tests.TestRunner" name="runScenario" time="45.309"/>
  <system-out/>
  <testcase classname="tests.TestRunner" name="runScenario" time="88.355"/>
  <system-out/>
</testsuite> <!-- tests.TestRunner -->
